2025-08-22 15:13:46.495 [info] Reading sessions from keychain...
2025-08-22 15:13:46.495 [info] Getting sessions for all scopes...
2025-08-22 15:13:46.495 [info] Got 0 sessions for ...
2025-08-22 15:13:46.495 [info] Getting sessions for all scopes...
2025-08-22 15:13:46.495 [info] Got 0 sessions for ...
2025-08-22 15:13:46.495 [info] Getting sessions for all scopes...
2025-08-22 15:13:46.495 [info] Got 0 sessions for ...
2025-08-22 15:13:46.495 [info] Getting sessions for all scopes...
2025-08-22 15:13:46.495 [info] Got 0 sessions for ...
2025-08-22 15:13:46.495 [info] Getting sessions for all scopes...
2025-08-22 15:13:46.495 [info] Got 0 sessions for ...
2025-08-22 15:13:46.495 [info] Getting sessions for all scopes...
2025-08-22 15:13:46.495 [info] Got 0 sessions for ...
2025-08-22 15:13:46.495 [info] Getting sessions for all scopes...
2025-08-22 15:13:46.495 [info] Got 0 sessions for ...
2025-08-22 15:13:46.495 [info] Getting sessions for all scopes...
2025-08-22 15:13:46.495 [info] Got 0 sessions for ...
2025-08-22 15:13:46.495 [info] Getting sessions for all scopes...
2025-08-22 15:13:46.496 [info] Got 0 sessions for ...
2025-08-22 15:13:46.496 [info] Getting sessions for all scopes...
2025-08-22 15:13:46.496 [info] Got 0 sessions for ...
2025-08-22 15:13:46.496 [info] Getting sessions for all scopes...
2025-08-22 15:13:46.496 [info] Got 0 sessions for ...
2025-08-22 15:13:46.496 [info] Getting sessions for all scopes...
2025-08-22 15:13:46.496 [info] Got 0 sessions for ...
2025-08-22 15:13:46.496 [info] Getting sessions for all scopes...
2025-08-22 15:13:46.496 [info] Got 0 sessions for ...
2025-08-22 15:13:46.496 [info] Getting sessions for all scopes...
2025-08-22 15:13:46.496 [info] Got 0 sessions for ...
2025-08-22 15:13:46.496 [info] Getting sessions for all scopes...
2025-08-22 15:13:46.496 [info] Got 0 sessions for ...
2025-08-22 15:13:46.865 [info] Getting sessions for all scopes...
2025-08-22 15:13:46.865 [info] Got 0 sessions for ...
2025-08-22 15:13:47.165 [info] Getting sessions for all scopes...
2025-08-22 15:13:47.165 [info] Got 0 sessions for ...
2025-08-22 15:13:47.167 [info] Getting sessions for all scopes...
2025-08-22 15:13:47.167 [info] Got 0 sessions for ...
2025-08-22 15:13:47.180 [info] Getting sessions for all scopes...
2025-08-22 15:13:47.180 [info] Got 0 sessions for ...
2025-08-22 15:14:29.870 [info] Reading sessions from keychain...
2025-08-22 15:14:29.870 [info] Getting sessions for all scopes...
2025-08-22 15:14:29.870 [info] Got 0 sessions for ...
2025-08-22 15:14:29.870 [info] Getting sessions for all scopes...
2025-08-22 15:14:29.870 [info] Got 0 sessions for ...
2025-08-22 15:14:29.870 [info] Getting sessions for all scopes...
2025-08-22 15:14:29.870 [info] Got 0 sessions for ...
2025-08-22 15:14:29.870 [info] Getting sessions for all scopes...
2025-08-22 15:14:29.870 [info] Got 0 sessions for ...
2025-08-22 15:14:29.870 [info] Getting sessions for all scopes...
2025-08-22 15:14:29.870 [info] Got 0 sessions for ...
2025-08-22 15:14:29.870 [info] Getting sessions for all scopes...
2025-08-22 15:14:29.870 [info] Got 0 sessions for ...
2025-08-22 15:14:29.870 [info] Getting sessions for all scopes...
2025-08-22 15:14:29.870 [info] Got 0 sessions for ...
2025-08-22 15:14:29.870 [info] Getting sessions for all scopes...
2025-08-22 15:14:29.870 [info] Got 0 sessions for ...
2025-08-22 15:14:29.870 [info] Getting sessions for all scopes...
2025-08-22 15:14:29.870 [info] Got 0 sessions for ...
2025-08-22 15:14:29.870 [info] Getting sessions for all scopes...
2025-08-22 15:14:29.870 [info] Got 0 sessions for ...
2025-08-22 15:14:29.870 [info] Getting sessions for all scopes...
2025-08-22 15:14:29.870 [info] Got 0 sessions for ...
2025-08-22 15:14:29.870 [info] Getting sessions for all scopes...
2025-08-22 15:14:29.870 [info] Got 0 sessions for ...
2025-08-22 15:14:29.870 [info] Getting sessions for all scopes...
2025-08-22 15:14:29.870 [info] Got 0 sessions for ...
2025-08-22 15:14:29.870 [info] Getting sessions for all scopes...
2025-08-22 15:14:29.870 [info] Got 0 sessions for ...
2025-08-22 15:14:29.870 [info] Getting sessions for all scopes...
2025-08-22 15:14:29.870 [info] Got 0 sessions for ...
2025-08-22 15:14:30.005 [info] Getting sessions for all scopes...
2025-08-22 15:14:30.005 [info] Got 0 sessions for ...
2025-08-22 15:14:30.982 [info] Getting sessions for all scopes...
2025-08-22 15:14:30.982 [info] Got 0 sessions for ...
2025-08-22 15:14:30.983 [info] Getting sessions for all scopes...
2025-08-22 15:14:30.983 [info] Got 0 sessions for ...
2025-08-22 15:14:30.993 [info] Getting sessions for all scopes...
2025-08-22 15:14:30.993 [info] Got 0 sessions for ...
2025-08-22 15:14:36.885 [info] Getting sessions for read:user,repo,user:email,workflow...
2025-08-22 15:14:36.885 [info] Got 0 sessions for read:user,repo,user:email,workflow...
2025-08-22 15:14:37.277 [info] Getting sessions for read:user,repo,user:email,workflow...
2025-08-22 15:14:37.277 [info] Got 0 sessions for read:user,repo,user:email,workflow...
2025-08-22 15:14:49.575 [info] Getting sessions for read:user,repo,user:email,workflow...
2025-08-22 15:14:49.575 [info] Got 0 sessions for read:user,repo,user:email,workflow...
