2025-08-22 15:13:46.786 [info] [main] Log level: Info
2025-08-22 15:13:46.787 [info] [main] Validating found git in: "git"
2025-08-22 15:13:46.787 [info] [main] Using git "2.50.1" from "git"
2025-08-22 15:13:46.787 [info] [Model][doInitialScan] Initial repository scan started
2025-08-22 15:13:46.787 [info] [Model][doInitialScan] Initial repository scan completed - repositories (0), closed repositories (0), parent repositories (0), unsafe repositories (0)
2025-08-22 15:14:36.518 [info] [main] Log level: Info
2025-08-22 15:14:36.518 [info] [main] Validating found git in: "git"
2025-08-22 15:14:36.518 [info] [main] Using git "2.50.1" from "git"
2025-08-22 15:14:36.518 [info] [Model][doInitialScan] Initial repository scan started
2025-08-22 15:14:36.518 [info] > git rev-parse --show-toplevel [11ms]
2025-08-22 15:14:36.525 [info] > git rev-parse --git-dir --git-common-dir --show-superproject-working-tree [4ms]
2025-08-22 15:14:36.544 [info] [Model][openRepository] Opened repository (path): /home/kali/project/new/nethunter-x-stone
2025-08-22 15:14:36.544 [info] [Model][openRepository] Opened repository (real path): /home/kali/project/new/nethunter-x-stone
2025-08-22 15:14:36.544 [info] [Model][openRepository] Opened repository (kind): repository
2025-08-22 15:14:36.557 [info] > git config --get commit.template [6ms]
2025-08-22 15:14:36.567 [info] > git for-each-ref --format=%(refname)%00%(upstream:short)%00%(objectname)%00%(upstream:track)%00%(upstream:remotename)%00%(upstream:remoteref) refs/heads/main refs/remotes/main [3ms]
2025-08-22 15:14:36.584 [info] > git for-each-ref --sort -committerdate --format %(refname)%00%(objectname)%00%(*objectname) [3ms]
2025-08-22 15:14:36.627 [info] > git rev-parse --show-toplevel [1ms]
2025-08-22 15:14:36.659 [info] > git rev-parse --show-toplevel [1ms]
2025-08-22 15:14:36.671 [info] > git rev-parse --show-toplevel [2ms]
2025-08-22 15:14:36.676 [info] > git rev-parse --show-toplevel [1ms]
2025-08-22 15:14:36.683 [info] > git rev-parse --show-toplevel [1ms]
2025-08-22 15:14:36.690 [info] > git rev-parse --show-toplevel [2ms]
2025-08-22 15:14:36.695 [info] > git rev-parse --show-toplevel [1ms]
2025-08-22 15:14:36.701 [info] > git rev-parse --show-toplevel [2ms]
2025-08-22 15:14:36.706 [info] > git rev-parse --show-toplevel [1ms]
2025-08-22 15:14:36.712 [info] > git rev-parse --show-toplevel [1ms]
2025-08-22 15:14:36.718 [info] > git rev-parse --show-toplevel [2ms]
2025-08-22 15:14:36.725 [info] > git rev-parse --show-toplevel [2ms]
2025-08-22 15:14:36.731 [info] > git rev-parse --show-toplevel [2ms]
2025-08-22 15:14:36.736 [info] > git rev-parse --show-toplevel [1ms]
2025-08-22 15:14:36.742 [info] > git rev-parse --show-toplevel [1ms]
2025-08-22 15:14:36.746 [info] > git rev-parse --show-toplevel [1ms]
2025-08-22 15:14:36.751 [info] > git rev-parse --show-toplevel [1ms]
2025-08-22 15:14:36.756 [info] > git rev-parse --show-toplevel [2ms]
2025-08-22 15:14:36.761 [info] > git rev-parse --show-toplevel [1ms]
2025-08-22 15:14:36.767 [info] > git rev-parse --show-toplevel [2ms]
2025-08-22 15:14:36.772 [info] > git rev-parse --show-toplevel [1ms]
2025-08-22 15:14:36.788 [info] > git rev-parse --show-toplevel [2ms]
2025-08-22 15:14:36.797 [info] > git rev-parse --show-toplevel [2ms]
2025-08-22 15:14:36.803 [info] > git rev-parse --show-toplevel [2ms]
2025-08-22 15:14:36.807 [info] > git rev-parse --show-toplevel [1ms]
2025-08-22 15:14:36.812 [info] > git rev-parse --show-toplevel [1ms]
2025-08-22 15:14:36.817 [info] > git rev-parse --show-toplevel [2ms]
2025-08-22 15:14:36.821 [info] > git rev-parse --show-toplevel [1ms]
2025-08-22 15:14:36.827 [info] > git status -z -uall [253ms]
2025-08-22 15:14:36.867 [info] > git for-each-ref --format=%(refname)%00%(upstream:short)%00%(objectname)%00%(upstream:track)%00%(upstream:remotename)%00%(upstream:remoteref) refs/heads/main refs/remotes/main [8ms]
2025-08-22 15:14:36.872 [info] > git rev-parse --show-toplevel [47ms]
2025-08-22 15:14:36.880 [info] > git config --get --local branch.main.vscode-merge-base [8ms]
2025-08-22 15:14:36.880 [warning] [Git][config] git config failed: Failed to execute git
2025-08-22 15:14:36.884 [info] > git config --get commit.template [17ms]
2025-08-22 15:14:36.885 [info] > git rev-parse --show-toplevel [6ms]
2025-08-22 15:14:36.894 [info] > git for-each-ref --format=%(refname)%00%(upstream:short)%00%(objectname)%00%(upstream:track)%00%(upstream:remotename)%00%(upstream:remoteref) refs/heads/main refs/remotes/main [4ms]
2025-08-22 15:14:36.894 [info] > git reflog main --grep-reflog=branch: Created from *. [10ms]
2025-08-22 15:14:36.898 [info] > git rev-parse --show-toplevel [6ms]
2025-08-22 15:14:36.901 [info] > git symbolic-ref --short refs/remotes/origin/HEAD [4ms]
2025-08-22 15:14:36.918 [info] > git rev-parse --show-toplevel [17ms]
2025-08-22 15:14:36.926 [info] > git for-each-ref --sort -committerdate --format %(refname)%00%(objectname)%00%(*objectname) [12ms]
2025-08-22 15:14:36.926 [info] > git for-each-ref --format=%(refname)%00%(upstream:short)%00%(objectname)%00%(upstream:track)%00%(upstream:remotename)%00%(upstream:remoteref) refs/heads/origin/main refs/remotes/origin/main [21ms]
2025-08-22 15:14:36.994 [info] > git config --add --local branch.main.vscode-merge-base origin/main [57ms]
2025-08-22 15:14:37.000 [info] > git rev-parse --show-toplevel [75ms]
2025-08-22 15:14:37.008 [info] > git status -z -uall [98ms] (cancelled)
2025-08-22 15:14:37.009 [info] > git config --get commit.template [5ms]
2025-08-22 15:14:37.009 [info] > git rev-parse --show-toplevel [2ms]
2025-08-22 15:14:37.019 [info] > git for-each-ref --format=%(refname)%00%(upstream:short)%00%(objectname)%00%(upstream:track)%00%(upstream:remotename)%00%(upstream:remoteref) refs/heads/main refs/remotes/main [5ms]
2025-08-22 15:14:37.020 [info] > git rev-parse --show-toplevel [2ms]
2025-08-22 15:14:37.047 [info] > git rev-parse --show-toplevel [13ms]
2025-08-22 15:14:37.047 [info] > git for-each-ref --sort -committerdate --format %(refname)%00%(objectname)%00%(*objectname) [19ms]
2025-08-22 15:14:37.118 [info] > git rev-parse --git-dir --git-common-dir --show-superproject-working-tree [52ms]
2025-08-22 15:14:37.127 [info] [Model][openRepository] Opened repository (path): /home/kali/project/new/nethunter-x-stone/rtl8188eus
2025-08-22 15:14:37.127 [info] [Model][openRepository] Opened repository (real path): /home/kali/project/new/nethunter-x-stone/rtl8188eus
2025-08-22 15:14:37.127 [info] [Model][openRepository] Opened repository (kind): submodule
2025-08-22 15:14:37.152 [info] > git config --get commit.template [10ms]
2025-08-22 15:14:37.163 [info] > git rev-parse --show-toplevel [13ms]
2025-08-22 15:14:37.173 [info] > git rev-parse --show-toplevel [1ms]
2025-08-22 15:14:37.173 [info] > git for-each-ref --format=%(refname)%00%(upstream:short)%00%(objectname)%00%(upstream:track)%00%(upstream:remotename)%00%(upstream:remoteref) refs/heads/v5.3.9 refs/remotes/v5.3.9 [11ms]
2025-08-22 15:14:37.185 [warning] [Git][revParse] Unable to read file: ENOENT: no such file or directory, open '/home/kali/project/new/nethunter-x-stone/rtl8188eus/.git/refs/remotes/origin/v5.3.9'
2025-08-22 15:14:37.189 [info] > git rev-parse refs/remotes/origin/v5.3.9 [4ms]
2025-08-22 15:14:37.201 [info] > git rev-parse --show-toplevel [21ms]
2025-08-22 15:14:37.212 [info] > git status -z -uall [18ms]
2025-08-22 15:14:37.212 [info] > git for-each-ref --sort -committerdate --format %(refname)%00%(objectname)%00%(*objectname) [11ms]
2025-08-22 15:14:37.246 [info] > git for-each-ref --format=%(refname)%00%(upstream:short)%00%(objectname)%00%(upstream:track)%00%(upstream:remotename)%00%(upstream:remoteref) refs/heads/v5.3.9 refs/remotes/v5.3.9 [19ms]
2025-08-22 15:14:37.260 [info] > git rev-parse --show-toplevel [49ms]
2025-08-22 15:14:37.270 [info] > git check-ignore -v -z --stdin [182ms]
2025-08-22 15:14:37.271 [info] > git config --get commit.template [26ms]
2025-08-22 15:14:37.272 [info] > git rev-parse --show-toplevel [6ms]
2025-08-22 15:14:37.273 [info] > git config --get --local branch.v5.3.9.vscode-merge-base [12ms]
2025-08-22 15:14:37.273 [warning] [Git][config] git config failed: Failed to execute git
2025-08-22 15:14:37.285 [info] > git for-each-ref --format=%(refname)%00%(upstream:short)%00%(objectname)%00%(upstream:track)%00%(upstream:remotename)%00%(upstream:remoteref) refs/heads/v5.3.9 refs/remotes/v5.3.9 [4ms]
2025-08-22 15:14:37.286 [info] > git reflog v5.3.9 --grep-reflog=branch: Created from *. [10ms]
2025-08-22 15:14:37.293 [warning] [Git][revParse] Unable to read file: ENOENT: no such file or directory, open '/home/kali/project/new/nethunter-x-stone/rtl8188eus/.git/refs/remotes/origin/v5.3.9'
2025-08-22 15:14:37.293 [info] > git rev-parse --show-toplevel [9ms]
2025-08-22 15:14:37.297 [info] > git symbolic-ref --short refs/remotes/origin/HEAD [8ms]
2025-08-22 15:14:37.301 [info] > git rev-parse --show-toplevel [4ms]
2025-08-22 15:14:37.302 [info] > git rev-parse refs/remotes/origin/v5.3.9 [8ms]
2025-08-22 15:14:37.316 [info] > git status -z -uall [292ms]
2025-08-22 15:14:37.316 [info] > git status -z -uall [11ms]
2025-08-22 15:14:37.330 [info] > git for-each-ref --format=%(refname)%00%(upstream:short)%00%(objectname)%00%(upstream:track)%00%(upstream:remotename)%00%(upstream:remoteref) refs/heads/origin/v5.3.9 refs/remotes/origin/v5.3.9 [30ms]
2025-08-22 15:14:37.335 [info] > git merge-base refs/heads/main refs/remotes/origin/main [5ms]
2025-08-22 15:14:37.339 [info] > git merge-base refs/heads/main refs/remotes/origin/main [14ms]
2025-08-22 15:14:37.343 [info] > git rev-parse --show-toplevel [28ms]
2025-08-22 15:14:37.347 [info] [Model][doInitialScan] Initial repository scan completed - repositories (2), closed repositories (0), parent repositories (0), unsafe repositories (0)
2025-08-22 15:14:37.348 [info] > git for-each-ref --sort -committerdate --format %(refname)%00%(objectname)%00%(*objectname) [37ms]
2025-08-22 15:14:37.354 [info] > git diff --name-status -z --diff-filter=ADMR 21dccc1dbd4a244489ecf5fef093f9cee5e6a97c...refs/remotes/origin/main [11ms]
2025-08-22 15:14:37.354 [info] > git diff --name-status -z --diff-filter=ADMR 21dccc1dbd4a244489ecf5fef093f9cee5e6a97c...refs/remotes/origin/main [15ms]
2025-08-22 15:14:37.356 [info] > git config --add --local branch.v5.3.9.vscode-merge-base origin/v5.3.9 [22ms]
2025-08-22 15:14:37.366 [info] > git config --get commit.template [6ms]
2025-08-22 15:14:37.367 [info] > git for-each-ref --format=%(refname)%00%(upstream:short)%00%(objectname)%00%(upstream:track)%00%(upstream:remotename)%00%(upstream:remoteref) refs/heads/v5.3.9 refs/remotes/v5.3.9 [1ms]
2025-08-22 15:14:37.371 [warning] [Git][revParse] Unable to read file: ENOENT: no such file or directory, open '/home/kali/project/new/nethunter-x-stone/rtl8188eus/.git/refs/remotes/origin/v5.3.9'
2025-08-22 15:14:37.372 [info] > git rev-parse refs/remotes/origin/v5.3.9 [1ms]
2025-08-22 15:14:37.380 [info] > git status -z -uall [5ms]
2025-08-22 15:14:37.382 [info] > git for-each-ref --sort -committerdate --format %(refname)%00%(objectname)%00%(*objectname) [2ms]
2025-08-22 15:14:37.393 [info] > git merge-base refs/heads/v5.3.9 refs/remotes/origin/v5.3.9 [5ms]
2025-08-22 15:14:37.399 [info] > git merge-base refs/heads/v5.3.9 refs/remotes/origin/v5.3.9 [6ms]
2025-08-22 15:14:37.403 [info] > git diff --name-status -z --diff-filter=ADMR af3bf004458f76b7aec33e9ba552cd382ed1f5c3...refs/remotes/origin/v5.3.9 [6ms]
2025-08-22 15:14:37.404 [info] > git diff --name-status -z --diff-filter=ADMR af3bf004458f76b7aec33e9ba552cd382ed1f5c3...refs/remotes/origin/v5.3.9 [1ms]
2025-08-22 15:14:37.866 [info] > git check-ignore -v -z --stdin [169ms]
2025-08-22 15:14:38.560 [info] > git config --get commit.template [12ms]
2025-08-22 15:14:38.565 [info] > git for-each-ref --format=%(refname)%00%(upstream:short)%00%(objectname)%00%(upstream:track)%00%(upstream:remotename)%00%(upstream:remoteref) refs/heads/v5.3.9 refs/remotes/v5.3.9 [7ms]
2025-08-22 15:14:38.571 [warning] [Git][revParse] Unable to read file: ENOENT: no such file or directory, open '/home/kali/project/new/nethunter-x-stone/rtl8188eus/.git/refs/remotes/origin/v5.3.9'
2025-08-22 15:14:38.573 [info] > git rev-parse refs/remotes/origin/v5.3.9 [2ms]
2025-08-22 15:14:38.588 [info] > git status -z -uall [7ms]
2025-08-22 15:14:38.589 [info] > git for-each-ref --sort -committerdate --format %(refname)%00%(objectname)%00%(*objectname) [2ms]
2025-08-22 15:14:38.865 [info] > git config --get commit.template [17ms]
2025-08-22 15:14:38.867 [info] > git for-each-ref --format=%(refname)%00%(upstream:short)%00%(objectname)%00%(upstream:track)%00%(upstream:remotename)%00%(upstream:remoteref) refs/heads/main refs/remotes/main [8ms]
2025-08-22 15:14:38.898 [info] > git for-each-ref --sort -committerdate --format %(refname)%00%(objectname)%00%(*objectname) [8ms]
2025-08-22 15:14:39.140 [info] > git status -z -uall [260ms]
2025-08-22 15:14:41.495 [info] > git check-ignore -v -z --stdin [12ms]
2025-08-22 15:14:41.542 [info] > git check-ignore -v -z --stdin [49ms]
2025-08-22 15:14:44.161 [info] > git config --get commit.template [10ms]
2025-08-22 15:14:44.161 [info] > git for-each-ref --format=%(refname)%00%(upstream:short)%00%(objectname)%00%(upstream:track)%00%(upstream:remotename)%00%(upstream:remoteref) refs/heads/main refs/remotes/main [2ms]
2025-08-22 15:14:44.179 [info] > git for-each-ref --sort -committerdate --format %(refname)%00%(objectname)%00%(*objectname) [2ms]
2025-08-22 15:14:44.456 [info] > git status -z -uall [290ms]
2025-08-22 15:14:49.565 [info] > git log --format=%H%n%aN%n%aE%n%at%n%ct%n%P%n%D%n%B -z --shortstat --diff-merges=first-parent -n50 --skip=0 --topo-order --decorate=full --stdin [8705ms]
2025-08-22 15:14:51.629 [info] > git config --get commit.template [14ms]
2025-08-22 15:14:51.632 [info] > git for-each-ref --format=%(refname)%00%(upstream:short)%00%(objectname)%00%(upstream:track)%00%(upstream:remotename)%00%(upstream:remoteref) refs/heads/main refs/remotes/main [5ms]
2025-08-22 15:14:51.661 [info] > git for-each-ref --sort -committerdate --format %(refname)%00%(objectname)%00%(*objectname) [5ms]
2025-08-22 15:14:51.932 [info] > git status -z -uall [289ms]
2025-08-22 15:14:56.957 [info] > git config --get commit.template [6ms]
2025-08-22 15:14:56.971 [info] > git for-each-ref --format=%(refname)%00%(upstream:short)%00%(objectname)%00%(upstream:track)%00%(upstream:remotename)%00%(upstream:remoteref) refs/heads/main refs/remotes/main [4ms]
2025-08-22 15:14:56.989 [info] > git for-each-ref --sort -committerdate --format %(refname)%00%(objectname)%00%(*objectname) [5ms]
2025-08-22 15:14:57.198 [info] > git status -z -uall [221ms]
2025-08-22 15:15:02.229 [info] > git config --get commit.template [12ms]
2025-08-22 15:15:02.232 [info] > git for-each-ref --format=%(refname)%00%(upstream:short)%00%(objectname)%00%(upstream:track)%00%(upstream:remotename)%00%(upstream:remoteref) refs/heads/main refs/remotes/main [5ms]
2025-08-22 15:15:02.320 [info] > git for-each-ref --sort -committerdate --format %(refname)%00%(objectname)%00%(*objectname) [6ms]
2025-08-22 15:15:02.549 [info] > git status -z -uall [247ms]
2025-08-22 15:15:09.136 [info] > git config --get commit.template [17ms]
2025-08-22 15:15:09.142 [info] > git for-each-ref --format=%(refname)%00%(upstream:short)%00%(objectname)%00%(upstream:track)%00%(upstream:remotename)%00%(upstream:remoteref) refs/heads/main refs/remotes/main [7ms]
2025-08-22 15:15:09.182 [info] > git for-each-ref --sort -committerdate --format %(refname)%00%(objectname)%00%(*objectname) [8ms]
2025-08-22 15:15:09.451 [info] > git status -z -uall [298ms]
2025-08-22 15:15:14.488 [info] > git config --get commit.template [13ms]
2025-08-22 15:15:14.493 [info] > git for-each-ref --format=%(refname)%00%(upstream:short)%00%(objectname)%00%(upstream:track)%00%(upstream:remotename)%00%(upstream:remoteref) refs/heads/main refs/remotes/main [6ms]
2025-08-22 15:15:14.522 [info] > git for-each-ref --sort -committerdate --format %(refname)%00%(objectname)%00%(*objectname) [6ms]
2025-08-22 15:15:14.764 [info] > git status -z -uall [260ms]
2025-08-22 15:15:19.800 [info] > git config --get commit.template [15ms]
2025-08-22 15:15:19.805 [info] > git for-each-ref --format=%(refname)%00%(upstream:short)%00%(objectname)%00%(upstream:track)%00%(upstream:remotename)%00%(upstream:remoteref) refs/heads/main refs/remotes/main [7ms]
2025-08-22 15:15:19.881 [info] > git for-each-ref --sort -committerdate --format %(refname)%00%(objectname)%00%(*objectname) [5ms]
2025-08-22 15:15:20.103 [info] > git status -z -uall [280ms]
2025-08-22 15:15:25.132 [info] > git config --get commit.template [10ms]
2025-08-22 15:15:25.135 [info] > git for-each-ref --format=%(refname)%00%(upstream:short)%00%(objectname)%00%(upstream:track)%00%(upstream:remotename)%00%(upstream:remoteref) refs/heads/main refs/remotes/main [4ms]
2025-08-22 15:15:25.156 [info] > git for-each-ref --sort -committerdate --format %(refname)%00%(objectname)%00%(*objectname) [5ms]
2025-08-22 15:15:25.383 [info] > git status -z -uall [240ms]
2025-08-22 15:15:30.417 [info] > git config --get commit.template [15ms]
2025-08-22 15:15:30.421 [info] > git for-each-ref --format=%(refname)%00%(upstream:short)%00%(objectname)%00%(upstream:track)%00%(upstream:remotename)%00%(upstream:remoteref) refs/heads/main refs/remotes/main [6ms]
2025-08-22 15:15:30.463 [info] > git for-each-ref --sort -committerdate --format %(refname)%00%(objectname)%00%(*objectname) [10ms]
2025-08-22 15:15:30.704 [info] > git status -z -uall [269ms]
2025-08-22 15:15:35.738 [info] > git config --get commit.template [16ms]
2025-08-22 15:15:35.741 [info] > git for-each-ref --format=%(refname)%00%(upstream:short)%00%(objectname)%00%(upstream:track)%00%(upstream:remotename)%00%(upstream:remoteref) refs/heads/main refs/remotes/main [6ms]
2025-08-22 15:15:35.768 [info] > git for-each-ref --sort -committerdate --format %(refname)%00%(objectname)%00%(*objectname) [6ms]
2025-08-22 15:15:36.010 [info] > git status -z -uall [259ms]
2025-08-22 15:15:39.320 [info] > git check-ignore -v -z --stdin [100ms]
2025-08-22 15:15:41.035 [info] > git config --get commit.template [8ms]
2025-08-22 15:15:41.037 [info] > git for-each-ref --format=%(refname)%00%(upstream:short)%00%(objectname)%00%(upstream:track)%00%(upstream:remotename)%00%(upstream:remoteref) refs/heads/main refs/remotes/main [3ms]
2025-08-22 15:15:41.051 [info] > git for-each-ref --sort -committerdate --format %(refname)%00%(objectname)%00%(*objectname) [2ms]
2025-08-22 15:15:41.241 [info] > git status -z -uall [198ms]
2025-08-22 15:15:46.264 [info] > git config --get commit.template [5ms]
2025-08-22 15:15:46.267 [info] > git for-each-ref --format=%(refname)%00%(upstream:short)%00%(objectname)%00%(upstream:track)%00%(upstream:remotename)%00%(upstream:remoteref) refs/heads/main refs/remotes/main [4ms]
2025-08-22 15:15:46.286 [info] > git for-each-ref --sort -committerdate --format %(refname)%00%(objectname)%00%(*objectname) [6ms]
2025-08-22 15:15:46.564 [info] > git status -z -uall [291ms]
2025-08-22 15:15:50.900 [info] > git log --format=%H%n%aN%n%aE%n%at%n%ct%n%P%n%D%n%B -z --shortstat --diff-merges=first-parent -n50 --skip=0 --topo-order --decorate=full --stdin [8576ms]
2025-08-22 15:15:55.700 [info] > git config --get commit.template [14ms]
2025-08-22 15:15:55.703 [info] > git for-each-ref --format=%(refname)%00%(upstream:short)%00%(objectname)%00%(upstream:track)%00%(upstream:remotename)%00%(upstream:remoteref) refs/heads/main refs/remotes/main [5ms]
2025-08-22 15:15:55.733 [info] > git for-each-ref --sort -committerdate --format %(refname)%00%(objectname)%00%(*objectname) [5ms]
2025-08-22 15:15:56.000 [info] > git status -z -uall [285ms]
2025-08-22 15:16:02.269 [info] > git config --get commit.template [7ms]
2025-08-22 15:16:02.271 [info] > git config --get commit.template [3ms]
2025-08-22 15:16:02.284 [info] > git for-each-ref --format=%(refname)%00%(upstream:short)%00%(objectname)%00%(upstream:track)%00%(upstream:remotename)%00%(upstream:remoteref) refs/heads/v5.3.9 refs/remotes/v5.3.9 [9ms]
2025-08-22 15:16:02.288 [warning] [Git][revParse] Unable to read file: ENOENT: no such file or directory, open '/home/kali/project/new/nethunter-x-stone/rtl8188eus/.git/refs/remotes/origin/v5.3.9'
2025-08-22 15:16:02.289 [info] > git for-each-ref --format=%(refname)%00%(upstream:short)%00%(objectname)%00%(upstream:track)%00%(upstream:remotename)%00%(upstream:remoteref) refs/heads/main refs/remotes/main [6ms]
2025-08-22 15:16:02.302 [info] > git rev-parse refs/remotes/origin/v5.3.9 [14ms]
2025-08-22 15:16:02.395 [info] > git status -z -uall [89ms]
2025-08-22 15:16:02.395 [info] > git for-each-ref --sort -committerdate --format %(refname)%00%(objectname)%00%(*objectname) [94ms]
2025-08-22 15:16:02.397 [info] > git for-each-ref --sort -committerdate --format %(refname)%00%(objectname)%00%(*objectname) [15ms]
2025-08-22 15:16:02.539 [info] > git status -z -uall [243ms]
2025-08-22 15:16:10.119 [info] > git config --get commit.template [5ms]
2025-08-22 15:16:10.139 [info] > git for-each-ref --format=%(refname)%00%(upstream:short)%00%(objectname)%00%(upstream:track)%00%(upstream:remotename)%00%(upstream:remoteref) refs/heads/v5.3.9 refs/remotes/v5.3.9 [8ms]
2025-08-22 15:16:10.140 [info] > git config --get commit.template [16ms]
2025-08-22 15:16:10.145 [warning] [Git][revParse] Unable to read file: ENOENT: no such file or directory, open '/home/kali/project/new/nethunter-x-stone/rtl8188eus/.git/refs/remotes/origin/v5.3.9'
2025-08-22 15:16:10.146 [info] > git for-each-ref --format=%(refname)%00%(upstream:short)%00%(objectname)%00%(upstream:track)%00%(upstream:remotename)%00%(upstream:remoteref) refs/heads/main refs/remotes/main [7ms]
2025-08-22 15:16:10.157 [info] > git rev-parse refs/remotes/origin/v5.3.9 [12ms]
2025-08-22 15:16:10.173 [info] > git for-each-ref --sort -committerdate --format %(refname)%00%(objectname)%00%(*objectname) [3ms]
2025-08-22 15:16:10.174 [info] > git for-each-ref --sort -committerdate --format %(refname)%00%(objectname)%00%(*objectname) [18ms]
2025-08-22 15:16:10.176 [info] > git status -z -uall [11ms]
2025-08-22 15:16:10.389 [info] > git status -z -uall [238ms]
2025-08-22 15:16:19.845 [info] > git add -A -- . [1085ms]
2025-08-22 15:16:21.008 [info] > git show --textconv :.git/COMMIT_EDITMSG [23ms]
2025-08-22 15:16:21.025 [info] > git ls-files --stage -- .git/COMMIT_EDITMSG [19ms]
2025-08-22 15:16:21.033 [info] > git hash-object -t tree /dev/null [8ms]
2025-08-22 15:16:21.034 [warning] [GitFileSystemProvider][readFile] File not found - git:/home/kali/project/new/nethunter-x-stone/.git/COMMIT_EDITMSG.git?%7B%22path%22%3A%22%2Fhome%2Fkali%2Fproject%2Fnew%2Fnethunter-x-stone%2F.git%2FCOMMIT_EDITMSG%22%2C%22ref%22%3A%22%22%7D
2025-08-22 15:16:21.035 [info] > git hash-object -t tree /dev/null [4ms]
2025-08-22 15:16:21.035 [warning] [GitFileSystemProvider][stat] File not found - git:/home/kali/project/new/nethunter-x-stone/.git/COMMIT_EDITMSG.git?%7B%22path%22%3A%22%2Fhome%2Fkali%2Fproject%2Fnew%2Fnethunter-x-stone%2F.git%2FCOMMIT_EDITMSG%22%2C%22ref%22%3A%22%22%7D
2025-08-22 15:16:21.361 [info] > git check-ignore -v -z --stdin [49ms]
2025-08-22 15:16:47.546 [info] > git check-ignore -v -z --stdin [51ms]
2025-08-22 15:16:48.574 [info] > git check-ignore -v -z --stdin [43ms]
2025-08-22 15:17:13.771 [info] > git blame --root --incremental 21dccc1dbd4a244489ecf5fef093f9cee5e6a97c -- .git/COMMIT_EDITMSG [4ms]
2025-08-22 15:17:13.771 [info] fatal: no such path .git/COMMIT_EDITMSG in 21dccc1dbd4a244489ecf5fef093f9cee5e6a97c
2025-08-22 15:17:22.197 [info] > git check-ignore -v -z --stdin [41ms]
2025-08-22 15:17:22.726 [warning] [Git][getHEAD] Failed to parse HEAD file: ENOENT: no such file or directory, open '/home/kali/project/new/nethunter-x-stone/rtl8188eus/.git/HEAD'
2025-08-22 15:17:22.754 [warning] [Git][getRemotes] Error: ENOENT: no such file or directory, open '/home/kali/project/new/nethunter-x-stone/rtl8188eus/.git/config'
2025-08-22 15:17:22.802 [warning] [Git][getHEAD] Failed to parse HEAD file: ENOENT: no such file or directory, open '/home/kali/project/new/nethunter-x-stone/rtl8188eus/.git/HEAD'
2025-08-22 15:17:22.826 [warning] [Git][getRemotes] Error: ENOENT: no such file or directory, open '/home/kali/project/new/nethunter-x-stone/rtl8188eus/.git/config'
2025-08-22 15:17:23.516 [info] > git check-ignore -v -z --stdin [137ms]
2025-08-22 15:17:25.465 [info] > git check-ignore -v -z --stdin [47ms]
2025-08-22 15:17:33.456 [info] > git log --format=%H%n%aN%n%aE%n%at%n%ct%n%P%n%D%n%B -z --shortstat --diff-merges=first-parent -n50 --skip=0 --topo-order --decorate=full --stdin [8608ms]
2025-08-22 15:17:48.260 [info] > git diff-tree -r --name-status -z --diff-filter=ADMR --find-renames=50% 89a7ca6a47b4ba26172f999e24200305db5b1832 21dccc1dbd4a244489ecf5fef093f9cee5e6a97c [42ms]
2025-08-22 15:17:48.832 [info] > git check-ignore -v -z --stdin [40ms]
2025-08-22 15:17:50.845 [info] > git show --textconv 21dccc1dbd4a244489ecf5fef093f9cee5e6a97c:rtl8188eus [18ms]
2025-08-22 15:17:50.851 [warning] [GitFileSystemProvider][readFile] File not found - git:/home/kali/project/new/nethunter-x-stone/rtl8188eus?%7B%22path%22%3A%22%2Fhome%2Fkali%2Fproject%2Fnew%2Fnethunter-x-stone%2Frtl8188eus%22%2C%22ref%22%3A%2221dccc1dbd4a244489ecf5fef093f9cee5e6a97c%22%7D
2025-08-22 15:17:50.854 [info] > git ls-tree -l 21dccc1dbd4a244489ecf5fef093f9cee5e6a97c -- rtl8188eus [10ms]
2025-08-22 15:17:51.416 [info] > git check-ignore -v -z --stdin [51ms]
2025-08-22 15:19:02.831 [info] > git log --format=%H%n%aN%n%aE%n%at%n%ct%n%P%n%D%n%B -z --shortstat --diff-merges=first-parent -n50 --skip=0 --topo-order --decorate=full --stdin [8362ms]
2025-08-22 15:19:11.331 [info] > git diff-tree -r --name-status -z --diff-filter=ADMR --find-renames=50% 89a7ca6a47b4ba26172f999e24200305db5b1832 21dccc1dbd4a244489ecf5fef093f9cee5e6a97c [35ms]
2025-08-22 15:19:13.501 [info] > git show --textconv 21dccc1dbd4a244489ecf5fef093f9cee5e6a97c:rtl8188eus [17ms]
2025-08-22 15:19:13.504 [warning] [GitFileSystemProvider][readFile] File not found - git:/home/kali/project/new/nethunter-x-stone/rtl8188eus?%7B%22path%22%3A%22%2Fhome%2Fkali%2Fproject%2Fnew%2Fnethunter-x-stone%2Frtl8188eus%22%2C%22ref%22%3A%2221dccc1dbd4a244489ecf5fef093f9cee5e6a97c%22%7D
2025-08-22 15:19:13.562 [info] > git ls-tree -l 21dccc1dbd4a244489ecf5fef093f9cee5e6a97c -- rtl8188eus [62ms]
2025-08-22 15:19:29.152 [info] > git check-ignore -v -z --stdin [26ms]
2025-08-22 15:19:35.449 [info] > git ls-tree -l 21dccc1dbd4a244489ecf5fef093f9cee5e6a97c -- rtl8188eus [2ms]
2025-08-22 15:19:36.921 [info] > git show --textconv :.git/COMMIT_EDITMSG [17ms]
2025-08-22 15:19:36.921 [warning] [GitFileSystemProvider][readFile] File not found - git:/home/kali/project/new/nethunter-x-stone/.git/COMMIT_EDITMSG.git?%7B%22path%22%3A%22%2Fhome%2Fkali%2Fproject%2Fnew%2Fnethunter-x-stone%2F.git%2FCOMMIT_EDITMSG%22%2C%22ref%22%3A%22%22%7D
2025-08-22 15:19:36.923 [info] > git ls-files --stage -- .git/COMMIT_EDITMSG [9ms]
2025-08-22 15:19:36.925 [warning] [GitFileSystemProvider][stat] File not found - git:/home/kali/project/new/nethunter-x-stone/.git/COMMIT_EDITMSG.git?%7B%22path%22%3A%22%2Fhome%2Fkali%2Fproject%2Fnew%2Fnethunter-x-stone%2F.git%2FCOMMIT_EDITMSG%22%2C%22ref%22%3A%22%22%7D
2025-08-22 15:19:37.478 [info] > git check-ignore -v -z --stdin [110ms]
2025-08-22 15:20:26.957 [info] > git log --format=%H%n%aN%n%aE%n%at%n%ct%n%P%n%D%n%B -z --shortstat --diff-merges=first-parent -n50 --skip=0 --topo-order --decorate=full --stdin [8599ms]
2025-08-22 15:20:35.485 [info] > git check-ignore -v -z --stdin [100ms]
2025-08-22 15:20:37.906 [info] > git show --textconv HEAD:rtl8188eus [7ms]
2025-08-22 15:20:37.908 [warning] [GitFileSystemProvider][readFile] File not found - git:/home/kali/project/new/nethunter-x-stone/rtl8188eus?%7B%22path%22%3A%22%2Fhome%2Fkali%2Fproject%2Fnew%2Fnethunter-x-stone%2Frtl8188eus%22%2C%22ref%22%3A%22~%22%7D
2025-08-22 15:20:37.911 [info] > git ls-tree -l HEAD -- rtl8188eus [5ms]
2025-08-22 15:20:46.123 [info] > git show --textconv HEAD:rtl8188eus [11ms]
2025-08-22 15:20:46.123 [warning] [GitFileSystemProvider][readFile] File not found - git:/home/kali/project/new/nethunter-x-stone/rtl8188eus?%7B%22path%22%3A%22%2Fhome%2Fkali%2Fproject%2Fnew%2Fnethunter-x-stone%2Frtl8188eus%22%2C%22ref%22%3A%22~%22%7D
2025-08-22 15:20:46.131 [info] > git ls-tree -l HEAD -- rtl8188eus [11ms]
2025-08-22 15:20:59.361 [info] > git show --textconv HEAD:rtl8188eus [11ms]
2025-08-22 15:20:59.364 [warning] [GitFileSystemProvider][readFile] File not found - git:/home/kali/project/new/nethunter-x-stone/rtl8188eus?%7B%22path%22%3A%22%2Fhome%2Fkali%2Fproject%2Fnew%2Fnethunter-x-stone%2Frtl8188eus%22%2C%22ref%22%3A%22~%22%7D
2025-08-22 15:20:59.366 [info] > git ls-tree -l HEAD -- rtl8188eus [6ms]
2025-08-22 15:21:05.911 [info] > git diff-tree -r --name-status -z --diff-filter=ADMR --find-renames=50% f8384aa20f68f0793f5013db2449d7c5b2f784a9 89a7ca6a47b4ba26172f999e24200305db5b1832 [25ms]
2025-08-22 15:21:06.471 [info] > git check-ignore -v -z --stdin [38ms]
2025-08-22 15:21:15.889 [info] > git show --textconv HEAD:rtl8188eus [29ms]
2025-08-22 15:21:15.890 [warning] [GitFileSystemProvider][readFile] File not found - git:/home/kali/project/new/nethunter-x-stone/rtl8188eus?%7B%22path%22%3A%22%2Fhome%2Fkali%2Fproject%2Fnew%2Fnethunter-x-stone%2Frtl8188eus%22%2C%22ref%22%3A%22~%22%7D
2025-08-22 15:21:15.897 [info] > git ls-tree -l HEAD -- rtl8188eus [10ms]
2025-08-22 15:21:22.917 [info] > git show --textconv :.git/COMMIT_EDITMSG [17ms]
2025-08-22 15:21:22.918 [warning] [GitFileSystemProvider][readFile] File not found - git:/home/kali/project/new/nethunter-x-stone/.git/COMMIT_EDITMSG.git?%7B%22path%22%3A%22%2Fhome%2Fkali%2Fproject%2Fnew%2Fnethunter-x-stone%2F.git%2FCOMMIT_EDITMSG%22%2C%22ref%22%3A%22%22%7D
2025-08-22 15:21:22.924 [info] > git ls-files --stage -- .git/COMMIT_EDITMSG [14ms]
2025-08-22 15:21:22.925 [warning] [GitFileSystemProvider][stat] File not found - git:/home/kali/project/new/nethunter-x-stone/.git/COMMIT_EDITMSG.git?%7B%22path%22%3A%22%2Fhome%2Fkali%2Fproject%2Fnew%2Fnethunter-x-stone%2F.git%2FCOMMIT_EDITMSG%22%2C%22ref%22%3A%22%22%7D
2025-08-22 15:21:27.468 [info] > git -c user.useConfigOnly=true commit --quiet [307616ms]
2025-08-22 15:21:27.468 [info] Aborting commit due to empty commit message.
2025-08-22 15:21:27.517 [info] > git config --get commit.template [23ms]
2025-08-22 15:21:27.524 [info] > git for-each-ref --format=%(refname)%00%(upstream:short)%00%(objectname)%00%(upstream:track)%00%(upstream:remotename)%00%(upstream:remoteref) refs/heads/main refs/remotes/main [7ms]
2025-08-22 15:21:27.547 [info] > git for-each-ref --sort -committerdate --format %(refname)%00%(objectname)%00%(*objectname) [3ms]
2025-08-22 15:21:27.763 [info] > git status -z -uall [228ms]
2025-08-22 15:21:38.953 [info] > git config --get commit.template [6ms]
2025-08-22 15:21:38.981 [info] > git for-each-ref --format=%(refname)%00%(upstream:short)%00%(objectname)%00%(upstream:track)%00%(upstream:remotename)%00%(upstream:remoteref) refs/heads/main refs/remotes/main [4ms]
2025-08-22 15:21:39.011 [info] > git for-each-ref --sort -committerdate --format %(refname)%00%(objectname)%00%(*objectname) [6ms]
2025-08-22 15:21:39.325 [info] > git status -z -uall [331ms]
2025-08-22 15:21:44.371 [info] > git config --get commit.template [17ms]
2025-08-22 15:21:44.374 [info] > git for-each-ref --format=%(refname)%00%(upstream:short)%00%(objectname)%00%(upstream:track)%00%(upstream:remotename)%00%(upstream:remoteref) refs/heads/main refs/remotes/main [6ms]
2025-08-22 15:21:44.392 [info] > git for-each-ref --sort -committerdate --format %(refname)%00%(objectname)%00%(*objectname) [2ms]
2025-08-22 15:21:44.608 [info] > git status -z -uall [226ms]
2025-08-22 15:21:51.466 [info] > git config --get commit.template [15ms]
2025-08-22 15:21:51.470 [info] > git for-each-ref --format=%(refname)%00%(upstream:short)%00%(objectname)%00%(upstream:track)%00%(upstream:remotename)%00%(upstream:remoteref) refs/heads/main refs/remotes/main [5ms]
2025-08-22 15:21:51.492 [info] > git for-each-ref --sort -committerdate --format %(refname)%00%(objectname)%00%(*objectname) [3ms]
2025-08-22 15:21:51.707 [info] > git status -z -uall [228ms]
2025-08-22 15:21:57.671 [info] > git config --get commit.template [14ms]
2025-08-22 15:21:57.673 [info] > git for-each-ref --format=%(refname)%00%(upstream:short)%00%(objectname)%00%(upstream:track)%00%(upstream:remotename)%00%(upstream:remoteref) refs/heads/main refs/remotes/main [3ms]
2025-08-22 15:21:57.695 [info] > git for-each-ref --sort -committerdate --format %(refname)%00%(objectname)%00%(*objectname) [5ms]
2025-08-22 15:21:57.912 [info] > git status -z -uall [231ms]
2025-08-22 15:22:09.109 [info] > git check-ignore -v -z --stdin [62ms]
2025-08-22 15:22:09.932 [info] > git config --get commit.template [18ms]
2025-08-22 15:22:09.936 [info] > git for-each-ref --format=%(refname)%00%(upstream:short)%00%(objectname)%00%(upstream:track)%00%(upstream:remotename)%00%(upstream:remoteref) refs/heads/main refs/remotes/main [5ms]
2025-08-22 15:22:09.961 [info] > git for-each-ref --sort -committerdate --format %(refname)%00%(objectname)%00%(*objectname) [4ms]
2025-08-22 15:22:10.175 [info] > git status -z -uall [229ms]
2025-08-22 15:22:12.443 [info] > git show --textconv :Cache/Cache_Data/5c6a43e2c7f20d63_0 [18ms]
2025-08-22 15:22:12.451 [info] > git ls-files --stage -- Cache/Cache_Data/5c6a43e2c7f20d63_0 [15ms]
2025-08-22 15:22:12.458 [info] > git cat-file -s d1ff7764c81b5ccf453f269563217f68155e53e6 [2ms]
2025-08-22 15:22:12.476 [info] > git ls-files --stage -- Cache/Cache_Data/5c6a43e2c7f20d63_0 [10ms]
2025-08-22 15:22:12.481 [info] > git cat-file -s d1ff7764c81b5ccf453f269563217f68155e53e6 [1ms]
2025-08-22 15:22:12.498 [info] > git ls-files --stage -- Cache/Cache_Data/5c6a43e2c7f20d63_0 [8ms]
2025-08-22 15:22:12.504 [info] > git cat-file -s d1ff7764c81b5ccf453f269563217f68155e53e6 [1ms]
2025-08-22 15:22:12.985 [info] > git check-ignore -v -z --stdin [36ms]
2025-08-22 15:22:16.902 [info] > git show --textconv :.git/COMMIT_EDITMSG [20ms]
2025-08-22 15:22:16.903 [warning] [GitFileSystemProvider][readFile] File not found - git:/home/kali/project/new/nethunter-x-stone/.git/COMMIT_EDITMSG.git?%7B%22path%22%3A%22%2Fhome%2Fkali%2Fproject%2Fnew%2Fnethunter-x-stone%2F.git%2FCOMMIT_EDITMSG%22%2C%22ref%22%3A%22%22%7D
2025-08-22 15:22:16.904 [info] > git ls-files --stage -- .git/COMMIT_EDITMSG [16ms]
2025-08-22 15:22:16.904 [warning] [GitFileSystemProvider][stat] File not found - git:/home/kali/project/new/nethunter-x-stone/.git/COMMIT_EDITMSG.git?%7B%22path%22%3A%22%2Fhome%2Fkali%2Fproject%2Fnew%2Fnethunter-x-stone%2F.git%2FCOMMIT_EDITMSG%22%2C%22ref%22%3A%22%22%7D
2025-08-22 15:22:30.055 [info] > git ls-files --stage -- Cache/Cache_Data/5c6a43e2c7f20d63_0 [16ms]
2025-08-22 15:22:30.064 [info] > git cat-file -s d1ff7764c81b5ccf453f269563217f68155e53e6 [2ms]
2025-08-22 15:22:32.211 [info] > git show --textconv :.git/COMMIT_EDITMSG [42ms]
2025-08-22 15:22:32.215 [warning] [GitFileSystemProvider][readFile] File not found - git:/home/kali/project/new/nethunter-x-stone/.git/COMMIT_EDITMSG.git?%7B%22path%22%3A%22%2Fhome%2Fkali%2Fproject%2Fnew%2Fnethunter-x-stone%2F.git%2FCOMMIT_EDITMSG%22%2C%22ref%22%3A%22%22%7D
2025-08-22 15:22:32.229 [info] > git ls-files --stage -- .git/COMMIT_EDITMSG [42ms]
2025-08-22 15:22:32.232 [warning] [GitFileSystemProvider][stat] File not found - git:/home/kali/project/new/nethunter-x-stone/.git/COMMIT_EDITMSG.git?%7B%22path%22%3A%22%2Fhome%2Fkali%2Fproject%2Fnew%2Fnethunter-x-stone%2F.git%2FCOMMIT_EDITMSG%22%2C%22ref%22%3A%22%22%7D
2025-08-22 15:22:35.189 [info] > git -c user.useConfigOnly=true commit --quiet [19203ms]
2025-08-22 15:22:35.189 [info] Aborting commit due to empty commit message.
2025-08-22 15:22:35.235 [info] > git config --get commit.template [22ms]
2025-08-22 15:22:35.236 [info] > git for-each-ref --format=%(refname)%00%(upstream:short)%00%(objectname)%00%(upstream:track)%00%(upstream:remotename)%00%(upstream:remoteref) refs/heads/main refs/remotes/main [4ms]
2025-08-22 15:22:35.302 [info] > git for-each-ref --sort -committerdate --format %(refname)%00%(objectname)%00%(*objectname) [28ms]
2025-08-22 15:22:35.490 [info] > git status -z -uall [240ms]
2025-08-22 15:22:47.326 [info] > git config --get commit.template [2ms]
2025-08-22 15:22:47.337 [info] > git for-each-ref --format=%(refname)%00%(upstream:short)%00%(objectname)%00%(upstream:track)%00%(upstream:remotename)%00%(upstream:remoteref) refs/heads/main refs/remotes/main [3ms]
2025-08-22 15:22:47.370 [info] > git for-each-ref --sort -committerdate --format %(refname)%00%(objectname)%00%(*objectname) [5ms]
2025-08-22 15:22:47.633 [info] > git status -z -uall [285ms]
2025-08-22 15:22:58.376 [info] > git check-ignore -v -z --stdin [70ms]
2025-08-22 15:23:24.916 [info] > git for-each-ref --sort -committerdate --format %(refname)%00%(objectname)%00%(*objectname)%00%(parent)%00%(*parent)%00%(authorname)%00%(*authorname)%00%(committerdate:unix)%00%(*committerdate:unix)%00%(subject)%00%(*subject)%00%(upstream:track) [7ms]
2025-08-22 15:23:29.531 [info] > git config --get commit.template [16ms]
2025-08-22 15:23:29.535 [info] > git for-each-ref --format=%(refname)%00%(upstream:short)%00%(objectname)%00%(upstream:track)%00%(upstream:remotename)%00%(upstream:remoteref) refs/heads/main refs/remotes/main [7ms]
2025-08-22 15:23:29.567 [info] > git for-each-ref --sort -committerdate --format %(refname)%00%(objectname)%00%(*objectname) [5ms]
2025-08-22 15:23:29.805 [info] > git status -z -uall [257ms]
2025-08-22 15:23:30.199 [info] > git checkout -q main [429ms]
2025-08-22 15:23:30.211 [info] > git config --get commit.template [7ms]
2025-08-22 15:23:30.212 [info] > git for-each-ref --format=%(refname)%00%(upstream:short)%00%(objectname)%00%(upstream:track)%00%(upstream:remotename)%00%(upstream:remoteref) refs/heads/main refs/remotes/main [2ms]
2025-08-22 15:23:30.226 [info] > git for-each-ref --sort -committerdate --format %(refname)%00%(objectname)%00%(*objectname) [3ms]
2025-08-22 15:23:30.443 [info] > git status -z -uall [227ms]
2025-08-22 15:23:34.837 [info] > git config --get commit.template [7ms]
2025-08-22 15:23:34.854 [info] > git for-each-ref --format=%(refname)%00%(upstream:short)%00%(objectname)%00%(upstream:track)%00%(upstream:remotename)%00%(upstream:remoteref) refs/heads/main refs/remotes/main [4ms]
2025-08-22 15:23:34.872 [info] > git for-each-ref --sort -committerdate --format %(refname)%00%(objectname)%00%(*objectname) [4ms]
2025-08-22 15:23:35.084 [info] > git status -z -uall [223ms]
2025-08-22 15:23:42.146 [info] > git show --textconv HEAD:rtl8188eus [310ms]
2025-08-22 15:23:42.146 [info] > git show --textconv :Cache/Cache_Data/index-dir/the-real-index [303ms]
2025-08-22 15:23:42.146 [info] > git show --textconv :CachedData/6f17636121051a53c88d3e605c491d22af2ba755/chrome/js/index-dir/the-real-index [293ms]
2025-08-22 15:23:42.146 [info] > git show --textconv :DawnWebGPUCache/data_1 [259ms]
2025-08-22 15:23:42.146 [info] > git show --textconv :GPUCache/data_0 [250ms]
2025-08-22 15:23:42.146 [info] > git show --textconv :User/settings.json [224ms]
2025-08-22 15:23:42.146 [info] > git show --textconv :User/globalStorage/state.vscdb [214ms]
2025-08-22 15:23:42.146 [info] > git show --textconv :User/workspaceStorage/bb07a243ac8a0cff9a4da3ac4afe5fe8/state.vscdb [205ms]
2025-08-22 15:23:42.146 [info] > git show --textconv :logs/20250822T151342/window1/renderer.log [188ms]
2025-08-22 15:23:42.146 [info] > git show --textconv :logs/20250822T151342/window1/exthost/vscode.git/Git.log [176ms]
2025-08-22 15:23:42.147 [info] > git ls-files --stage -- User/workspaceStorage/bb07a243ac8a0cff9a4da3ac4afe5fe8/state.vscdb [33ms]
2025-08-22 15:23:42.151 [info] > git ls-files --stage -- User/globalStorage/state.vscdb [45ms]
2025-08-22 15:23:42.155 [info] > git ls-files --stage -- User/settings.json [61ms]
2025-08-22 15:23:42.159 [info] > git ls-files --stage -- GPUCache/index [81ms]
2025-08-22 15:23:42.164 [info] > git ls-files --stage -- GPUCache/data_1 [98ms]
2025-08-22 15:23:42.168 [info] > git ls-files --stage -- GPUCache/data_0 [122ms]
2025-08-22 15:23:42.172 [info] > git ls-files --stage -- DawnWebGPUCache/data_1 [142ms]
2025-08-22 15:23:42.176 [info] > git ls-files --stage -- DawnGraphiteCache/data_1 [158ms]
2025-08-22 15:23:42.181 [info] > git ls-files --stage -- CachedData/6f17636121051a53c88d3e605c491d22af2ba755/chrome/js/index-dir/the-real-index [175ms]
2025-08-22 15:23:42.185 [info] > git ls-files --stage -- Cache/Cache_Data/index-dir/the-real-index [193ms]
2025-08-22 15:23:42.189 [info] > git ls-tree -l HEAD -- rtl8188eus [213ms]
2025-08-22 15:23:42.193 [warning] [GitFileSystemProvider][readFile] File not found - git:/home/kali/project/new/nethunter-x-stone/rtl8188eus?%7B%22path%22%3A%22%2Fhome%2Fkali%2Fproject%2Fnew%2Fnethunter-x-stone%2Frtl8188eus%22%2C%22ref%22%3A%22HEAD%22%7D
2025-08-22 15:23:42.204 [info] > git show --textconv :DawnGraphiteCache/data_1 [330ms]
2025-08-22 15:23:42.204 [info] > git show --textconv :GPUCache/data_1 [299ms]
2025-08-22 15:23:42.204 [info] > git show --textconv :GPUCache/index [290ms]
2025-08-22 15:23:42.204 [info] > git cat-file -s d06dfcdcc867613f1196a7c704662386a6ce07e7 [15ms]
2025-08-22 15:23:42.204 [info] > git cat-file -s fe0c9a860146f367a1228dd247d3f232f344ad92 [19ms]
2025-08-22 15:23:42.205 [info] > git cat-file -s 035d06d98031ac33867440adcf8d30f67a2a5c79 [24ms]
2025-08-22 15:23:42.205 [info] > git cat-file -s 035d06d98031ac33867440adcf8d30f67a2a5c79 [29ms]
2025-08-22 15:23:42.205 [info] > git cat-file -s ad56e0cc5153011c60e6229dcfde341a4dc39a1e [33ms]
2025-08-22 15:23:42.206 [info] > git cat-file -s 96124fd73912fa4698def35ff5d06d9dd2a76987 [38ms]
2025-08-22 15:23:42.206 [info] > git cat-file -s 91518490fbf9e4f2f6bea717c76b684c20173ba6 [43ms]
2025-08-22 15:23:42.207 [info] > git cat-file -s 863b64af15550eb8554868838dbd045a02f39de3 [48ms]
2025-08-22 15:23:42.207 [info] > git cat-file -s 4c602f9e13f59121597b45192f95b466dc61ddce [52ms]
2025-08-22 15:23:42.208 [info] > git cat-file -s 82366b0c884766787802e96a731345fc63fffa73 [57ms]
2025-08-22 15:23:42.208 [info] > git ls-files --stage -- logs/20250822T151342/window1/exthost/vscode.git/Git.log [73ms]
2025-08-22 15:23:42.213 [info] > git ls-files --stage -- logs/20250822T151342/window1/renderer.log [88ms]
2025-08-22 15:23:42.422 [info] > git cat-file -s e207711b67bb869d0427a29b2e84fbfe7789532b [204ms]
2025-08-22 15:23:42.423 [info] > git cat-file -s 364e990f6653d3282a89b106827d0e0832152fb8 [211ms]
2025-08-22 15:23:43.181 [info] > git show --textconv HEAD:User/settings.json [12ms]
2025-08-22 15:23:43.182 [warning] [GitFileSystemProvider][readFile] File not found - git:/home/kali/project/new/nethunter-x-stone/User/settings.json.git?%7B%22path%22%3A%22%2Fhome%2Fkali%2Fproject%2Fnew%2Fnethunter-x-stone%2FUser%2Fsettings.json%22%2C%22ref%22%3A%22HEAD%22%7D
2025-08-22 15:23:43.184 [info] > git ls-tree -l HEAD -- User/settings.json [8ms]
2025-08-22 15:23:43.187 [warning] [GitFileSystemProvider][stat] File not found - git:/home/kali/project/new/nethunter-x-stone/User/settings.json.git?%7B%22path%22%3A%22%2Fhome%2Fkali%2Fproject%2Fnew%2Fnethunter-x-stone%2FUser%2Fsettings.json%22%2C%22ref%22%3A%22HEAD%22%7D
2025-08-22 15:23:43.264 [info] > git show --textconv HEAD:logs/20250822T151342/window1/renderer.log [11ms]
2025-08-22 15:23:43.264 [info] > git ls-tree -l HEAD -- logs/20250822T151342/window1/renderer.log [4ms]
2025-08-22 15:23:43.265 [warning] [GitFileSystemProvider][stat] File not found - git:/home/kali/project/new/nethunter-x-stone/logs/20250822T151342/window1/renderer.log.git?%7B%22path%22%3A%22%2Fhome%2Fkali%2Fproject%2Fnew%2Fnethunter-x-stone%2Flogs%2F20250822T151342%2Fwindow1%2Frenderer.log%22%2C%22ref%22%3A%22HEAD%22%7D
2025-08-22 15:23:43.268 [warning] [GitFileSystemProvider][readFile] File not found - git:/home/kali/project/new/nethunter-x-stone/logs/20250822T151342/window1/renderer.log.git?%7B%22path%22%3A%22%2Fhome%2Fkali%2Fproject%2Fnew%2Fnethunter-x-stone%2Flogs%2F20250822T151342%2Fwindow1%2Frenderer.log%22%2C%22ref%22%3A%22HEAD%22%7D
2025-08-22 15:23:44.680 [info] > git config --get commit.template [3ms]
2025-08-22 15:23:44.688 [info] > git for-each-ref --format=%(refname)%00%(upstream:short)%00%(objectname)%00%(upstream:track)%00%(upstream:remotename)%00%(upstream:remoteref) refs/heads/main refs/remotes/main [2ms]
2025-08-22 15:23:44.704 [info] > git for-each-ref --sort -committerdate --format %(refname)%00%(objectname)%00%(*objectname) [4ms]
2025-08-22 15:23:44.933 [info] > git status -z -uall [239ms]
2025-08-22 15:23:45.130 [info] > git show --textconv :logs/20250822T151342/window1/exthost/exthost.log [18ms]
2025-08-22 15:23:45.143 [info] > git ls-files --stage -- logs/20250822T151342/window1/exthost/exthost.log [22ms]
2025-08-22 15:23:45.149 [info] > git cat-file -s f5ea6620cd24a7438875baa0e3bf2688ac6bb7f6 [2ms]
2025-08-22 15:23:45.699 [info] > git check-ignore -v -z --stdin [16ms]
2025-08-22 15:23:49.969 [info] > git config --get commit.template [16ms]
2025-08-22 15:23:49.972 [info] > git for-each-ref --format=%(refname)%00%(upstream:short)%00%(objectname)%00%(upstream:track)%00%(upstream:remotename)%00%(upstream:remoteref) refs/heads/main refs/remotes/main [5ms]
2025-08-22 15:23:49.991 [info] > git for-each-ref --sort -committerdate --format %(refname)%00%(objectname)%00%(*objectname) [2ms]
2025-08-22 15:23:50.221 [info] > git status -z -uall [239ms]
2025-08-22 15:23:50.968 [info] > git check-ignore -v -z --stdin [19ms]
2025-08-22 15:23:53.530 [info] > git show --textconv :.git/COMMIT_EDITMSG [46ms]
2025-08-22 15:23:53.532 [warning] [GitFileSystemProvider][readFile] File not found - git:/home/kali/project/new/nethunter-x-stone/.git/COMMIT_EDITMSG.git?%7B%22path%22%3A%22%2Fhome%2Fkali%2Fproject%2Fnew%2Fnethunter-x-stone%2F.git%2FCOMMIT_EDITMSG%22%2C%22ref%22%3A%22%22%7D
2025-08-22 15:23:53.546 [info] > git ls-files --stage -- .git/COMMIT_EDITMSG [42ms]
2025-08-22 15:23:53.547 [warning] [GitFileSystemProvider][stat] File not found - git:/home/kali/project/new/nethunter-x-stone/.git/COMMIT_EDITMSG.git?%7B%22path%22%3A%22%2Fhome%2Fkali%2Fproject%2Fnew%2Fnethunter-x-stone%2F.git%2FCOMMIT_EDITMSG%22%2C%22ref%22%3A%22%22%7D
2025-08-22 15:23:54.404 [info] > git ls-files --stage -- logs/20250822T151342/window1/renderer.log [65ms]
2025-08-22 15:23:54.416 [info] > git ls-files --stage -- User/settings.json [99ms]
2025-08-22 15:23:54.422 [info] > git cat-file -s e207711b67bb869d0427a29b2e84fbfe7789532b [7ms]
2025-08-22 15:23:54.423 [info] > git ls-files --stage -- logs/20250822T151342/window1/exthost/exthost.log [20ms]
2025-08-22 15:23:54.430 [info] > git ls-files --stage -- logs/20250822T151342/window1/exthost/vscode.git/Git.log [47ms]
2025-08-22 15:23:54.435 [info] > git cat-file -s f5ea6620cd24a7438875baa0e3bf2688ac6bb7f6 [5ms]
2025-08-22 15:23:54.436 [info] > git cat-file -s 863b64af15550eb8554868838dbd045a02f39de3 [14ms]
2025-08-22 15:23:54.441 [info] > git cat-file -s 364e990f6653d3282a89b106827d0e0832152fb8 [7ms]
2025-08-22 15:23:54.460 [info] > git show --textconv :logs/20250822T151342/window1/renderer.log [20ms]
2025-08-22 15:23:54.473 [info] > git show --textconv :logs/20250822T151342/window1/exthost/exthost.log [21ms]
2025-08-22 15:23:54.473 [info] > git show --textconv :User/settings.json [15ms]
2025-08-22 15:23:54.488 [info] > git show --textconv :logs/20250822T151342/window1/exthost/vscode.git/Git.log [17ms]
2025-08-22 15:23:56.873 [info] > git -c user.useConfigOnly=true commit --quiet [4321ms]
2025-08-22 15:23:56.874 [info] Aborting commit due to empty commit message.
2025-08-22 15:23:56.901 [info] > git config --get commit.template [14ms]
2025-08-22 15:23:56.903 [info] > git for-each-ref --format=%(refname)%00%(upstream:short)%00%(objectname)%00%(upstream:track)%00%(upstream:remotename)%00%(upstream:remoteref) refs/heads/main refs/remotes/main [4ms]
2025-08-22 15:23:56.924 [info] > git for-each-ref --sort -committerdate --format %(refname)%00%(objectname)%00%(*objectname) [5ms]
2025-08-22 15:23:57.187 [info] > git status -z -uall [277ms]
2025-08-22 15:23:57.207 [info] > git config --get commit.template [5ms]
2025-08-22 15:23:57.218 [info] > git for-each-ref --format=%(refname)%00%(upstream:short)%00%(objectname)%00%(upstream:track)%00%(upstream:remotename)%00%(upstream:remoteref) refs/heads/main refs/remotes/main [2ms]
2025-08-22 15:23:57.237 [info] > git for-each-ref --sort -committerdate --format %(refname)%00%(objectname)%00%(*objectname) [2ms]
2025-08-22 15:23:57.557 [info] > git status -z -uall [334ms]
2025-08-22 15:23:58.031 [info] > git check-ignore -v -z --stdin [19ms]
2025-08-22 15:24:02.598 [info] > git config --get commit.template [18ms]
2025-08-22 15:24:02.603 [info] > git for-each-ref --format=%(refname)%00%(upstream:short)%00%(objectname)%00%(upstream:track)%00%(upstream:remotename)%00%(upstream:remoteref) refs/heads/main refs/remotes/main [8ms]
2025-08-22 15:24:02.703 [info] > git for-each-ref --sort -committerdate --format %(refname)%00%(objectname)%00%(*objectname) [16ms]
2025-08-22 15:24:02.966 [info] > git status -z -uall [298ms]
2025-08-22 15:24:03.424 [info] > git show --textconv :User/settings.json [58ms]
2025-08-22 15:24:03.424 [info] > git show --textconv HEAD:User/settings.json [47ms]
2025-08-22 15:24:03.424 [info] > git show --textconv :logs/20250822T151342/window1/renderer.log [23ms]
2025-08-22 15:24:03.424 [info] > git show --textconv HEAD:logs/20250822T151342/window1/renderer.log [16ms]
2025-08-22 15:24:03.426 [warning] [GitFileSystemProvider][readFile] File not found - git:/home/kali/project/new/nethunter-x-stone/logs/20250822T151342/window1/renderer.log.git?%7B%22path%22%3A%22%2Fhome%2Fkali%2Fproject%2Fnew%2Fnethunter-x-stone%2Flogs%2F20250822T151342%2Fwindow1%2Frenderer.log%22%2C%22ref%22%3A%22HEAD%22%7D
2025-08-22 15:24:03.427 [info] > git ls-tree -l HEAD -- User/settings.json [35ms]
2025-08-22 15:24:03.427 [warning] [GitFileSystemProvider][stat] File not found - git:/home/kali/project/new/nethunter-x-stone/User/settings.json.git?%7B%22path%22%3A%22%2Fhome%2Fkali%2Fproject%2Fnew%2Fnethunter-x-stone%2FUser%2Fsettings.json%22%2C%22ref%22%3A%22HEAD%22%7D
2025-08-22 15:24:03.428 [info] > git ls-files --stage -- User/settings.json [42ms]
2025-08-22 15:24:03.433 [warning] [GitFileSystemProvider][readFile] File not found - git:/home/kali/project/new/nethunter-x-stone/User/settings.json.git?%7B%22path%22%3A%22%2Fhome%2Fkali%2Fproject%2Fnew%2Fnethunter-x-stone%2FUser%2Fsettings.json%22%2C%22ref%22%3A%22HEAD%22%7D
2025-08-22 15:24:03.435 [info] > git cat-file -s 863b64af15550eb8554868838dbd045a02f39de3 [3ms]
2025-08-22 15:24:03.435 [info] > git ls-files --stage -- logs/20250822T151342/window1/renderer.log [20ms]
2025-08-22 15:24:03.442 [info] > git ls-tree -l HEAD -- logs/20250822T151342/window1/renderer.log [21ms]
2025-08-22 15:24:03.442 [warning] [GitFileSystemProvider][stat] File not found - git:/home/kali/project/new/nethunter-x-stone/logs/20250822T151342/window1/renderer.log.git?%7B%22path%22%3A%22%2Fhome%2Fkali%2Fproject%2Fnew%2Fnethunter-x-stone%2Flogs%2F20250822T151342%2Fwindow1%2Frenderer.log%22%2C%22ref%22%3A%22HEAD%22%7D
2025-08-22 15:24:03.444 [info] > git cat-file -s e207711b67bb869d0427a29b2e84fbfe7789532b [3ms]
2025-08-22 15:24:07.998 [info] > git config --get commit.template [14ms]
2025-08-22 15:24:08.002 [info] > git for-each-ref --format=%(refname)%00%(upstream:short)%00%(objectname)%00%(upstream:track)%00%(upstream:remotename)%00%(upstream:remoteref) refs/heads/main refs/remotes/main [5ms]
2025-08-22 15:24:08.025 [info] > git for-each-ref --sort -committerdate --format %(refname)%00%(objectname)%00%(*objectname) [3ms]
2025-08-22 15:24:08.217 [info] > git status -z -uall [205ms]
2025-08-22 15:24:13.246 [info] > git config --get commit.template [12ms]
2025-08-22 15:24:13.248 [info] > git for-each-ref --format=%(refname)%00%(upstream:short)%00%(objectname)%00%(upstream:track)%00%(upstream:remotename)%00%(upstream:remoteref) refs/heads/main refs/remotes/main [4ms]
2025-08-22 15:24:13.273 [info] > git for-each-ref --sort -committerdate --format %(refname)%00%(objectname)%00%(*objectname) [5ms]
2025-08-22 15:24:13.530 [info] > git status -z -uall [272ms]
2025-08-22 15:24:14.481 [info] > git check-ignore -v -z --stdin [54ms]
2025-08-22 15:24:29.551 [info] > git config --get commit.template [16ms]
2025-08-22 15:24:29.554 [info] > git for-each-ref --format=%(refname)%00%(upstream:short)%00%(objectname)%00%(upstream:track)%00%(upstream:remotename)%00%(upstream:remoteref) refs/heads/main refs/remotes/main [6ms]
2025-08-22 15:24:29.581 [info] > git for-each-ref --sort -committerdate --format %(refname)%00%(objectname)%00%(*objectname) [3ms]
2025-08-22 15:24:29.769 [info] > git status -z -uall [203ms]
2025-08-22 15:24:35.738 [info] > git config --get commit.template [4ms]
2025-08-22 15:24:35.752 [info] > git for-each-ref --format=%(refname)%00%(upstream:short)%00%(objectname)%00%(upstream:track)%00%(upstream:remotename)%00%(upstream:remoteref) refs/heads/main refs/remotes/main [4ms]
2025-08-22 15:24:35.780 [info] > git for-each-ref --sort -committerdate --format %(refname)%00%(objectname)%00%(*objectname) [5ms]
2025-08-22 15:24:36.009 [info] > git status -z -uall [245ms]
2025-08-22 15:24:41.030 [info] > git config --get commit.template [4ms]
2025-08-22 15:24:41.044 [info] > git for-each-ref --format=%(refname)%00%(upstream:short)%00%(objectname)%00%(upstream:track)%00%(upstream:remotename)%00%(upstream:remoteref) refs/heads/main refs/remotes/main [4ms]
2025-08-22 15:24:41.068 [info] > git for-each-ref --sort -committerdate --format %(refname)%00%(objectname)%00%(*objectname) [4ms]
2025-08-22 15:24:41.270 [info] > git status -z -uall [216ms]
2025-08-22 15:24:46.301 [info] > git config --get commit.template [11ms]
2025-08-22 15:24:46.305 [info] > git for-each-ref --format=%(refname)%00%(upstream:short)%00%(objectname)%00%(upstream:track)%00%(upstream:remotename)%00%(upstream:remoteref) refs/heads/main refs/remotes/main [6ms]
2025-08-22 15:24:46.331 [info] > git for-each-ref --sort -committerdate --format %(refname)%00%(objectname)%00%(*objectname) [4ms]
2025-08-22 15:24:46.563 [info] > git status -z -uall [247ms]
